[ 2018-04-20T00:27:34+08:00 ] ::1 /AdaAda/index.php/Home/Index/index.html
INFO: [ app_init ] --START--
INFO: Run Behavior\BuildLiteBehavior [ RunTime:0.000071s ]
INFO: [ app_init ] --END-- [ RunTime:0.001467s ]
INFO: [ app_begin ] --START--
INFO: Run Behavior\ReadHtmlCacheBehavior [ RunTime:0.002047s ]
INFO: [ app_begin ] --END-- [ RunTime:0.002416s ]
SQL: SHOW COLUMNS FROM `ada_game` [ RunTime:0.0637s ]
SQL: SELECT COUNT(*) AS tp_count FROM `ada_game` WHERE `game_state` = 1 LIMIT 1   [ RunTime:0.0116s ]
SQL: SELECT * FROM `ada_game` WHERE `game_state` = 1 ORDER BY game_date DESC LIMIT 0,2   [ RunTime:0.0090s ]
SQL: SELECT * FROM `ada_game` WHERE `game_reco` = 1 ORDER BY game_date DESC LIMIT 10   [ RunTime:0.0008s ]
INFO: [ view_parse ] --START--
INFO: [ template_filter ] --START--
INFO: Run Behavior\ContentReplaceBehavior [ RunTime:0.000376s ]
INFO: [ template_filter ] --END-- [ RunTime:0.000716s ]
INFO: Run Behavior\ParseTemplateBehavior [ RunTime:0.108564s ]
INFO: [ view_parse ] --END-- [ RunTime:0.108928s ]
INFO: [ view_filter ] --START--
INFO: Run Behavior\WriteHtmlCacheBehavior [ RunTime:0.001400s ]
INFO: [ view_filter ] --END-- [ RunTime:0.001725s ]
INFO: [ app_end ] --START--
INFO: Run Behavior\ShowPageTraceBehavior [ RunTime:0.002172s ]
INFO: [ app_end ] --END-- [ RunTime:0.002907s ]

[ 2018-04-20T00:28:29+08:00 ] ::1 /AdaAda/index.php/Home/Index/rank
INFO: [ app_init ] --START--
INFO: Run Behavior\BuildLiteBehavior [ RunTime:0.000071s ]
INFO: [ app_init ] --END-- [ RunTime:0.001490s ]
INFO: [ app_begin ] --START--
INFO: Run Behavior\ReadHtmlCacheBehavior [ RunTime:0.002212s ]
INFO: [ app_begin ] --END-- [ RunTime:0.002600s ]
SQL: SHOW COLUMNS FROM `ada_game` [ RunTime:0.0023s ]
SQL: SELECT COUNT(*) AS tp_count FROM `ada_game` WHERE `game_state` = 1 LIMIT 1   [ RunTime:0.0008s ]
SQL: SELECT * FROM `ada_game` WHERE `game_state` = 1 ORDER BY game_downloads DESC LIMIT 0,2   [ RunTime:0.0010s ]
SQL: SELECT * FROM `ada_game` WHERE `game_reco` = 1 ORDER BY game_date DESC LIMIT 10   [ RunTime:0.0008s ]
INFO: [ view_parse ] --START--
INFO: [ template_filter ] --START--
INFO: Run Behavior\ContentReplaceBehavior [ RunTime:0.000444s ]
INFO: [ template_filter ] --END-- [ RunTime:0.000812s ]
INFO: Run Behavior\ParseTemplateBehavior [ RunTime:0.059088s ]
INFO: [ view_parse ] --END-- [ RunTime:0.059519s ]
INFO: [ view_filter ] --START--
INFO: Run Behavior\WriteHtmlCacheBehavior [ RunTime:0.001373s ]
INFO: [ view_filter ] --END-- [ RunTime:0.001709s ]
INFO: [ app_end ] --START--
INFO: Run Behavior\ShowPageTraceBehavior [ RunTime:0.002621s ]
INFO: [ app_end ] --END-- [ RunTime:0.003064s ]

[ 2018-04-20T00:29:01+08:00 ] ::1 /AdaAda/index.php/Home/Index/classview
INFO: [ app_init ] --START--
INFO: Run Behavior\BuildLiteBehavior [ RunTime:0.000071s ]
INFO: [ app_init ] --END-- [ RunTime:0.001458s ]
INFO: [ app_begin ] --START--
INFO: Run Behavior\ReadHtmlCacheBehavior [ RunTime:0.002111s ]
INFO: [ app_begin ] --END-- [ RunTime:0.002538s ]
SQL: SHOW COLUMNS FROM `ada_game` [ RunTime:0.0020s ]
SQL: SELECT COUNT(*) AS tp_count FROM `ada_game` WHERE `game_state` = 1 LIMIT 1   [ RunTime:0.0007s ]
SQL: SELECT * FROM `ada_game` WHERE `game_state` = 1 ORDER BY game_date DESC LIMIT 0,2   [ RunTime:0.0010s ]
SQL: SHOW COLUMNS FROM `ada_class` [ RunTime:0.0018s ]
SQL: SELECT * FROM `ada_class`  [ RunTime:0.0007s ]
INFO: [ view_parse ] --START--
INFO: [ template_filter ] --START--
INFO: Run Behavior\ContentReplaceBehavior [ RunTime:0.001086s ]
INFO: [ template_filter ] --END-- [ RunTime:0.001552s ]
INFO: Run Behavior\ParseTemplateBehavior [ RunTime:0.053377s ]
INFO: [ view_parse ] --END-- [ RunTime:0.053775s ]
INFO: [ view_filter ] --START--
INFO: Run Behavior\WriteHtmlCacheBehavior [ RunTime:0.001415s ]
INFO: [ view_filter ] --END-- [ RunTime:0.001755s ]
INFO: [ app_end ] --START--
INFO: Run Behavior\ShowPageTraceBehavior [ RunTime:0.002044s ]
INFO: [ app_end ] --END-- [ RunTime:0.002365s ]

[ 2018-04-20T00:29:46+08:00 ] ::1 /AdaAda/index.php/Home/index
INFO: [ app_init ] --START--
INFO: Run Behavior\BuildLiteBehavior [ RunTime:0.000097s ]
INFO: [ app_init ] --END-- [ RunTime:0.001501s ]
INFO: [ app_begin ] --START--
INFO: Run Behavior\ReadHtmlCacheBehavior [ RunTime:0.002453s ]
INFO: [ app_begin ] --END-- [ RunTime:0.002963s ]
SQL: SHOW COLUMNS FROM `ada_game` [ RunTime:0.0020s ]
SQL: SELECT COUNT(*) AS tp_count FROM `ada_game` WHERE `game_state` = 1 LIMIT 1   [ RunTime:0.0007s ]
SQL: SELECT * FROM `ada_game` WHERE `game_state` = 1 ORDER BY game_date DESC LIMIT 0,2   [ RunTime:0.0009s ]
SQL: SELECT * FROM `ada_game` WHERE `game_reco` = 1 ORDER BY game_date DESC LIMIT 10   [ RunTime:0.0008s ]
INFO: [ view_parse ] --START--
INFO: [ template_filter ] --START--
INFO: Run Behavior\ContentReplaceBehavior [ RunTime:0.000420s ]
INFO: [ template_filter ] --END-- [ RunTime:0.000785s ]
INFO: Run Behavior\ParseTemplateBehavior [ RunTime:0.039303s ]
INFO: [ view_parse ] --END-- [ RunTime:0.039690s ]
INFO: [ view_filter ] --START--
INFO: Run Behavior\WriteHtmlCacheBehavior [ RunTime:0.001553s ]
INFO: [ view_filter ] --END-- [ RunTime:0.001887s ]
INFO: [ app_end ] --START--
INFO: Run Behavior\ShowPageTraceBehavior [ RunTime:0.002178s ]
INFO: [ app_end ] --END-- [ RunTime:0.002535s ]

[ 2018-04-20T00:29:48+08:00 ] ::1 /AdaAda/index.php/Home/Index/game/id/10
INFO: [ app_init ] --START--
INFO: Run Behavior\BuildLiteBehavior [ RunTime:0.000064s ]
INFO: [ app_init ] --END-- [ RunTime:0.001374s ]
INFO: [ app_begin ] --START--
INFO: Run Behavior\ReadHtmlCacheBehavior [ RunTime:0.002013s ]
INFO: [ app_begin ] --END-- [ RunTime:0.002360s ]
SQL: SHOW COLUMNS FROM `ada_game` [ RunTime:0.0018s ]
SQL: SHOW COLUMNS FROM `ada_developer` [ RunTime:0.0042s ]
SQL: SHOW COLUMNS FROM `ada_class` [ RunTime:0.0030s ]
SQL: SELECT * FROM `ada_game` WHERE `game_id` = 10 LIMIT 1   [ RunTime:0.0010s ]
SQL: SELECT `developer_id` FROM `ada_game` WHERE `game_id` = 10 LIMIT 1   [ RunTime:0.0006s ]
SQL: SELECT * FROM `ada_developer` WHERE `developer_id` = 1 LIMIT 1   [ RunTime:0.0008s ]
SQL: SELECT `cid` FROM `ada_game` WHERE `game_id` = 10 LIMIT 1   [ RunTime:0.0005s ]
SQL: SELECT * FROM `ada_class` WHERE `class_id` = 7 LIMIT 1   [ RunTime:0.0006s ]
SQL: SELECT * FROM `ada_game` WHERE `game_reco` = 1 ORDER BY game_date DESC LIMIT 10   [ RunTime:0.0008s ]
INFO: [ view_parse ] --START--
INFO: [ template_filter ] --START--
INFO: Run Behavior\ContentReplaceBehavior [ RunTime:0.000440s ]
INFO: [ template_filter ] --END-- [ RunTime:0.000829s ]
NOTIC: [8] Undefined index: user_id E:\wamp64\www\AdaAda\Application\Runtime\Cache\Home\097156d57fd3cb2bb5060ec74c1da7ca.php 第 117 行.
NOTIC: [8] Undefined index: user_id E:\wamp64\www\AdaAda\Application\Runtime\Cache\Home\097156d57fd3cb2bb5060ec74c1da7ca.php 第 138 行.
NOTIC: [8] Undefined index: user_id E:\wamp64\www\AdaAda\Application\Runtime\Cache\Home\097156d57fd3cb2bb5060ec74c1da7ca.php 第 154 行.
INFO: Run Behavior\ParseTemplateBehavior [ RunTime:0.054444s ]
INFO: [ view_parse ] --END-- [ RunTime:0.054843s ]
INFO: [ view_filter ] --START--
INFO: Run Behavior\WriteHtmlCacheBehavior [ RunTime:0.001599s ]
INFO: [ view_filter ] --END-- [ RunTime:0.001950s ]
INFO: [ app_end ] --START--
INFO: Run Behavior\ShowPageTraceBehavior [ RunTime:0.002281s ]
INFO: [ app_end ] --END-- [ RunTime:0.002779s ]

