[ 2018-04-13T21:01:42+08:00 ] ::1 /AdaAda/index.php
INFO: [ app_init ] --START--
INFO: Run Behavior\BuildLiteBehavior [ RunTime:0.000070s ]
INFO: [ app_init ] --END-- [ RunTime:0.027536s ]
INFO: [ app_begin ] --START--
INFO: Run Behavior\ReadHtmlCacheBehavior [ RunTime:0.003856s ]
INFO: [ app_begin ] --END-- [ RunTime:0.004225s ]
ERR: 1146:Table 'adada.ada_first' doesn't exist
 [ SQL语句 ] : SHOW COLUMNS FROM `ada_first`
ERR: 1146:Table 'adada.ada_first' doesn't exist
 [ SQL语句 ] : SHOW COLUMNS FROM `ada_first`

[ 2018-04-13T21:03:42+08:00 ] ::1 /AdaAda/index.php
INFO: [ app_init ] --START--
INFO: Run Behavior\BuildLiteBehavior [ RunTime:0.000072s ]
INFO: [ app_init ] --END-- [ RunTime:0.001637s ]
INFO: [ app_begin ] --START--
INFO: Run Behavior\ReadHtmlCacheBehavior [ RunTime:0.002833s ]
INFO: [ app_begin ] --END-- [ RunTime:0.003244s ]
INFO: [ view_parse ] --START--
INFO: [ template_filter ] --START--
INFO: Run Behavior\ContentReplaceBehavior [ RunTime:0.001214s ]
INFO: [ template_filter ] --END-- [ RunTime:0.001604s ]
INFO: Run Behavior\ParseTemplateBehavior [ RunTime:0.122305s ]
INFO: [ view_parse ] --END-- [ RunTime:0.122698s ]
INFO: [ view_filter ] --START--
INFO: Run Behavior\WriteHtmlCacheBehavior [ RunTime:0.003393s ]
INFO: [ view_filter ] --END-- [ RunTime:0.003753s ]
INFO: [ app_end ] --START--
INFO: Run Behavior\ShowPageTraceBehavior [ RunTime:0.004394s ]
INFO: [ app_end ] --END-- [ RunTime:0.004749s ]

[ 2018-04-13T21:10:22+08:00 ] ::1 /AdaAda/index.php
INFO: [ app_init ] --START--
INFO: Run Behavior\BuildLiteBehavior [ RunTime:0.000075s ]
INFO: [ app_init ] --END-- [ RunTime:0.021979s ]
INFO: [ app_begin ] --START--
INFO: Run Behavior\ReadHtmlCacheBehavior [ RunTime:0.003840s ]
INFO: [ app_begin ] --END-- [ RunTime:0.004224s ]
INFO: [ view_parse ] --START--
INFO: [ template_filter ] --START--
INFO: Run Behavior\ContentReplaceBehavior [ RunTime:0.000218s ]
INFO: [ template_filter ] --END-- [ RunTime:0.000581s ]
INFO: Run Behavior\ParseTemplateBehavior [ RunTime:0.031595s ]
INFO: [ view_parse ] --END-- [ RunTime:0.031965s ]
INFO: [ view_filter ] --START--
INFO: Run Behavior\WriteHtmlCacheBehavior [ RunTime:0.002528s ]
INFO: [ view_filter ] --END-- [ RunTime:0.002854s ]
INFO: [ app_end ] --START--
INFO: Run Behavior\ShowPageTraceBehavior [ RunTime:0.003276s ]
INFO: [ app_end ] --END-- [ RunTime:0.003624s ]

[ 2018-04-13T23:38:34+08:00 ] ::1 /AdaAda/index.php
INFO: [ app_init ] --START--
INFO: Run Behavior\BuildLiteBehavior [ RunTime:0.000078s ]
INFO: [ app_init ] --END-- [ RunTime:0.022057s ]
INFO: [ app_begin ] --START--
INFO: Run Behavior\ReadHtmlCacheBehavior [ RunTime:0.003881s ]
INFO: [ app_begin ] --END-- [ RunTime:0.004269s ]
INFO: [ view_parse ] --START--
INFO: [ template_filter ] --START--
INFO: Run Behavior\ContentReplaceBehavior [ RunTime:0.000247s ]
INFO: [ template_filter ] --END-- [ RunTime:0.000660s ]
INFO: Run Behavior\ParseTemplateBehavior [ RunTime:0.086710s ]
INFO: [ view_parse ] --END-- [ RunTime:0.087147s ]
INFO: [ view_filter ] --START--
INFO: Run Behavior\WriteHtmlCacheBehavior [ RunTime:0.002818s ]
INFO: [ view_filter ] --END-- [ RunTime:0.003191s ]
INFO: [ app_end ] --START--
INFO: Run Behavior\ShowPageTraceBehavior [ RunTime:0.003648s ]
INFO: [ app_end ] --END-- [ RunTime:0.004029s ]

[ 2018-04-13T23:40:01+08:00 ] ::1 /AdaAda/index.php
INFO: [ app_init ] --START--
INFO: Run Behavior\BuildLiteBehavior [ RunTime:0.000087s ]
INFO: [ app_init ] --END-- [ RunTime:0.002099s ]
INFO: [ app_begin ] --START--
INFO: Run Behavior\ReadHtmlCacheBehavior [ RunTime:0.002831s ]
INFO: [ app_begin ] --END-- [ RunTime:0.003239s ]
INFO: [ view_parse ] --START--
INFO: [ template_filter ] --START--
INFO: Run Behavior\ContentReplaceBehavior [ RunTime:0.000215s ]
INFO: [ template_filter ] --END-- [ RunTime:0.000571s ]
INFO: Run Behavior\ParseTemplateBehavior [ RunTime:0.028340s ]
INFO: [ view_parse ] --END-- [ RunTime:0.028840s ]
INFO: [ view_filter ] --START--
INFO: Run Behavior\WriteHtmlCacheBehavior [ RunTime:0.002343s ]
INFO: [ view_filter ] --END-- [ RunTime:0.002706s ]
INFO: [ app_end ] --START--
INFO: Run Behavior\ShowPageTraceBehavior [ RunTime:0.002661s ]
INFO: [ app_end ] --END-- [ RunTime:0.003010s ]

[ 2018-04-13T23:48:21+08:00 ] ::1 /AdaAda/index.php
INFO: [ app_init ] --START--
INFO: Run Behavior\BuildLiteBehavior [ RunTime:0.000072s ]
INFO: [ app_init ] --END-- [ RunTime:0.001461s ]
INFO: [ app_begin ] --START--
INFO: Run Behavior\ReadHtmlCacheBehavior [ RunTime:0.002639s ]
INFO: [ app_begin ] --END-- [ RunTime:0.003014s ]
INFO: [ view_parse ] --START--
INFO: [ template_filter ] --START--
INFO: Run Behavior\ContentReplaceBehavior [ RunTime:0.000213s ]
INFO: [ template_filter ] --END-- [ RunTime:0.000581s ]
INFO: Run Behavior\ParseTemplateBehavior [ RunTime:0.028388s ]
INFO: [ view_parse ] --END-- [ RunTime:0.028770s ]
INFO: [ view_filter ] --START--
INFO: Run Behavior\WriteHtmlCacheBehavior [ RunTime:0.002033s ]
INFO: [ view_filter ] --END-- [ RunTime:0.002372s ]
INFO: [ app_end ] --START--
INFO: Run Behavior\ShowPageTraceBehavior [ RunTime:0.002617s ]
INFO: [ app_end ] --END-- [ RunTime:0.002956s ]

[ 2018-04-13T23:59:22+08:00 ] ::1 /AdaAda/index.php
INFO: [ app_init ] --START--
INFO: Run Behavior\BuildLiteBehavior [ RunTime:0.000079s ]
INFO: [ app_init ] --END-- [ RunTime:0.002428s ]
INFO: [ app_begin ] --START--
INFO: Run Behavior\ReadHtmlCacheBehavior [ RunTime:0.002777s ]
INFO: [ app_begin ] --END-- [ RunTime:0.003158s ]
INFO: [ view_parse ] --START--
INFO: [ template_filter ] --START--
INFO: Run Behavior\ContentReplaceBehavior [ RunTime:0.000224s ]
INFO: [ template_filter ] --END-- [ RunTime:0.000610s ]
INFO: Run Behavior\ParseTemplateBehavior [ RunTime:0.027847s ]
INFO: [ view_parse ] --END-- [ RunTime:0.028254s ]
INFO: [ view_filter ] --START--
INFO: Run Behavior\WriteHtmlCacheBehavior [ RunTime:0.002465s ]
INFO: [ view_filter ] --END-- [ RunTime:0.002809s ]
INFO: [ app_end ] --START--
INFO: Run Behavior\ShowPageTraceBehavior [ RunTime:0.003160s ]
INFO: [ app_end ] --END-- [ RunTime:0.003588s ]

