[ 2018-04-08T00:34:12+08:00 ] ::1 /AdaAda/index.php
INFO: [ app_init ] --START--
INFO: Run Behavior\BuildLiteBehavior [ RunTime:0.000074s ]
INFO: [ app_init ] --END-- [ RunTime:0.001740s ]
INFO: [ app_begin ] --START--
INFO: Run Behavior\ReadHtmlCacheBehavior [ RunTime:0.003143s ]
INFO: [ app_begin ] --END-- [ RunTime:0.003569s ]
INFO: [ view_parse ] --START--
INFO: [ template_filter ] --START--
INFO: Run Behavior\ContentReplaceBehavior [ RunTime:0.000236s ]
INFO: [ template_filter ] --END-- [ RunTime:0.000598s ]
NOTIC: [8] Undefined variable: keyword E:\wamp64\www\AdaAda\Application\Runtime\Cache\Home\2a94b8bda04ff446dcedd42276fc99ee.php 第 51 行.
INFO: Run Behavior\ParseTemplateBehavior [ RunTime:0.028611s ]
INFO: [ view_parse ] --END-- [ RunTime:0.028972s ]
INFO: [ view_filter ] --START--
INFO: Run Behavior\WriteHtmlCacheBehavior [ RunTime:0.002876s ]
INFO: [ view_filter ] --END-- [ RunTime:0.003266s ]
INFO: [ app_end ] --START--
INFO: Run Behavior\ShowPageTraceBehavior [ RunTime:0.002884s ]
INFO: [ app_end ] --END-- [ RunTime:0.003223s ]

[ 2018-04-08T00:40:47+08:00 ] ::1 /AdaAda/index.php
INFO: [ app_init ] --START--
INFO: Run Behavior\BuildLiteBehavior [ RunTime:0.000071s ]
INFO: [ app_init ] --END-- [ RunTime:0.001648s ]
INFO: [ app_begin ] --START--
INFO: Run Behavior\ReadHtmlCacheBehavior [ RunTime:0.002581s ]
INFO: [ app_begin ] --END-- [ RunTime:0.002942s ]
INFO: [ view_parse ] --START--
INFO: [ template_filter ] --START--
INFO: Run Behavior\ContentReplaceBehavior [ RunTime:0.000251s ]
INFO: [ template_filter ] --END-- [ RunTime:0.000609s ]
NOTIC: [8] Undefined variable: keyword E:\wamp64\www\AdaAda\Application\Runtime\Cache\Home\2a94b8bda04ff446dcedd42276fc99ee.php 第 51 行.
INFO: Run Behavior\ParseTemplateBehavior [ RunTime:0.028212s ]
INFO: [ view_parse ] --END-- [ RunTime:0.028556s ]
INFO: [ view_filter ] --START--
INFO: Run Behavior\WriteHtmlCacheBehavior [ RunTime:0.002727s ]
INFO: [ view_filter ] --END-- [ RunTime:0.003062s ]
INFO: [ app_end ] --START--
INFO: Run Behavior\ShowPageTraceBehavior [ RunTime:0.002875s ]
INFO: [ app_end ] --END-- [ RunTime:0.003218s ]

