[ 2018-04-21T13:42:11+08:00 ] ::1 /AdaAda/index.php/Admin/Login/login.html
INFO: [ app_init ] --START--
INFO: Run Behavior\BuildLiteBehavior [ RunTime:0.000072s ]
INFO: [ app_init ] --END-- [ RunTime:0.001976s ]
INFO: [ app_begin ] --START--
INFO: Run Behavior\ReadHtmlCacheBehavior [ RunTime:0.004425s ]
INFO: [ app_begin ] --END-- [ RunTime:0.004754s ]
INFO: [ view_parse ] --START--
INFO: [ template_filter ] --START--
INFO: Run Behavior\ContentReplaceBehavior [ RunTime:0.000214s ]
INFO: [ template_filter ] --END-- [ RunTime:0.000558s ]
INFO: Run Behavior\ParseTemplateBehavior [ RunTime:0.025670s ]
INFO: [ view_parse ] --END-- [ RunTime:0.025970s ]
INFO: [ view_filter ] --START--
INFO: Run Behavior\WriteHtmlCacheBehavior [ RunTime:0.003933s ]
INFO: [ view_filter ] --END-- [ RunTime:0.004197s ]
INFO: [ app_end ] --START--
INFO: Run Behavior\ShowPageTraceBehavior [ RunTime:0.004511s ]
INFO: [ app_end ] --END-- [ RunTime:0.004814s ]

[ 2018-04-21T13:42:11+08:00 ] ::1 /AdaAda/index.php/Admin/Login/verify
INFO: [ app_init ] --START--
INFO: Run Behavior\BuildLiteBehavior [ RunTime:0.000070s ]
INFO: [ app_init ] --END-- [ RunTime:0.002028s ]
INFO: [ app_begin ] --START--
INFO: Run Behavior\ReadHtmlCacheBehavior [ RunTime:0.004911s ]
INFO: [ app_begin ] --END-- [ RunTime:0.005283s ]
INFO: [ app_end ] --START--
INFO: Run Behavior\ShowPageTraceBehavior [ RunTime:0.005074s ]
INFO: [ app_end ] --END-- [ RunTime:0.005442s ]

[ 2018-04-21T13:42:28+08:00 ] ::1 /AdaAda/index.php/Admin/Login/verify/0.9052216964413791
INFO: [ app_init ] --START--
INFO: Run Behavior\BuildLiteBehavior [ RunTime:0.000060s ]
INFO: [ app_init ] --END-- [ RunTime:0.001094s ]
INFO: [ app_begin ] --START--
INFO: Run Behavior\ReadHtmlCacheBehavior [ RunTime:0.001344s ]
INFO: [ app_begin ] --END-- [ RunTime:0.001654s ]
INFO: [ app_end ] --START--
INFO: Run Behavior\ShowPageTraceBehavior [ RunTime:0.001947s ]
INFO: [ app_end ] --END-- [ RunTime:0.002263s ]

[ 2018-04-21T13:42:36+08:00 ] ::1 /AdaAda/index.php/Admin/Login/login.html
INFO: [ app_init ] --START--
INFO: Run Behavior\BuildLiteBehavior [ RunTime:0.000066s ]
INFO: [ app_init ] --END-- [ RunTime:0.002648s ]
INFO: [ app_begin ] --START--
INFO: Run Behavior\ReadHtmlCacheBehavior [ RunTime:0.005626s ]
INFO: [ app_begin ] --END-- [ RunTime:0.005943s ]
SQL: SHOW COLUMNS FROM `ada_manager` [ RunTime:0.0018s ]
SQL: SELECT * FROM `ada_manager` WHERE `manager_name` = 'CC' AND `manager_pwd` = 'cc' LIMIT 1   [ RunTime:0.0007s ]

[ 2018-04-21T13:42:36+08:00 ] ::1 /AdaAda/index.php/Admin/Index/index.html
INFO: [ app_init ] --START--
INFO: Run Behavior\BuildLiteBehavior [ RunTime:0.000064s ]
INFO: [ app_init ] --END-- [ RunTime:0.002334s ]
INFO: [ app_begin ] --START--
INFO: Run Behavior\ReadHtmlCacheBehavior [ RunTime:0.005162s ]
INFO: [ app_begin ] --END-- [ RunTime:0.005507s ]
INFO: [ view_parse ] --START--
INFO: [ template_filter ] --START--
INFO: Run Behavior\ContentReplaceBehavior [ RunTime:0.000230s ]
INFO: [ template_filter ] --END-- [ RunTime:0.000535s ]
INFO: Run Behavior\ParseTemplateBehavior [ RunTime:0.033026s ]
INFO: [ view_parse ] --END-- [ RunTime:0.033348s ]
INFO: [ view_filter ] --START--
INFO: Run Behavior\WriteHtmlCacheBehavior [ RunTime:0.004294s ]
INFO: [ view_filter ] --END-- [ RunTime:0.004587s ]
INFO: [ app_end ] --START--
INFO: Run Behavior\ShowPageTraceBehavior [ RunTime:0.004389s ]
INFO: [ app_end ] --END-- [ RunTime:0.004669s ]

[ 2018-04-21T13:42:39+08:00 ] ::1 /AdaAda/index.php/Admin/Player/lst
INFO: [ app_init ] --START--
INFO: Run Behavior\BuildLiteBehavior [ RunTime:0.000059s ]
INFO: [ app_init ] --END-- [ RunTime:0.001932s ]
INFO: [ app_begin ] --START--
INFO: Run Behavior\ReadHtmlCacheBehavior [ RunTime:0.004327s ]
INFO: [ app_begin ] --END-- [ RunTime:0.004632s ]
SQL: SHOW COLUMNS FROM `ada_user` [ RunTime:0.0017s ]
SQL: SELECT COUNT(*) AS tp_count FROM `ada_user` LIMIT 1   [ RunTime:0.0005s ]
SQL: SELECT * FROM `ada_user` LIMIT 0,5   [ RunTime:0.0006s ]
INFO: [ view_parse ] --START--
INFO: [ template_filter ] --START--
INFO: Run Behavior\ContentReplaceBehavior [ RunTime:0.000247s ]
INFO: [ template_filter ] --END-- [ RunTime:0.000508s ]
INFO: Run Behavior\ParseTemplateBehavior [ RunTime:0.033046s ]
INFO: [ view_parse ] --END-- [ RunTime:0.033355s ]
INFO: [ view_filter ] --START--
INFO: Run Behavior\WriteHtmlCacheBehavior [ RunTime:0.004007s ]
INFO: [ view_filter ] --END-- [ RunTime:0.004280s ]
INFO: [ app_end ] --START--
INFO: Run Behavior\ShowPageTraceBehavior [ RunTime:0.004230s ]
INFO: [ app_end ] --END-- [ RunTime:0.004500s ]

[ 2018-04-21T13:42:48+08:00 ] ::1 /AdaAda/index.php/Admin/Dev/lst
INFO: [ app_init ] --START--
INFO: Run Behavior\BuildLiteBehavior [ RunTime:0.000056s ]
INFO: [ app_init ] --END-- [ RunTime:0.001890s ]
INFO: [ app_begin ] --START--
INFO: Run Behavior\ReadHtmlCacheBehavior [ RunTime:0.004683s ]
INFO: [ app_begin ] --END-- [ RunTime:0.005004s ]
SQL: SHOW COLUMNS FROM `ada_developer` [ RunTime:0.0019s ]
SQL: SELECT COUNT(*) AS tp_count FROM `ada_developer` LIMIT 1   [ RunTime:0.0005s ]
SQL: SELECT * FROM `ada_developer` LIMIT 0,5   [ RunTime:0.0007s ]
INFO: [ view_parse ] --START--
INFO: [ template_filter ] --START--
INFO: Run Behavior\ContentReplaceBehavior [ RunTime:0.000321s ]
INFO: [ template_filter ] --END-- [ RunTime:0.000610s ]
NOTIC: [8] Undefined index: user_name E:\wamp64\www\AdaAda\Application\Runtime\Cache\Admin\8019583c415993e594d3664bbe2a2979.php 第 150 行.
NOTIC: [8] Undefined index: user_name E:\wamp64\www\AdaAda\Application\Runtime\Cache\Admin\8019583c415993e594d3664bbe2a2979.php 第 150 行.
NOTIC: [8] Undefined index: user_name E:\wamp64\www\AdaAda\Application\Runtime\Cache\Admin\8019583c415993e594d3664bbe2a2979.php 第 150 行.
NOTIC: [8] Undefined index: user_name E:\wamp64\www\AdaAda\Application\Runtime\Cache\Admin\8019583c415993e594d3664bbe2a2979.php 第 150 行.
NOTIC: [8] Undefined index: user_name E:\wamp64\www\AdaAda\Application\Runtime\Cache\Admin\8019583c415993e594d3664bbe2a2979.php 第 150 行.
INFO: Run Behavior\ParseTemplateBehavior [ RunTime:0.039100s ]
INFO: [ view_parse ] --END-- [ RunTime:0.039434s ]
INFO: [ view_filter ] --START--
INFO: Run Behavior\WriteHtmlCacheBehavior [ RunTime:0.003946s ]
INFO: [ view_filter ] --END-- [ RunTime:0.004238s ]
INFO: [ app_end ] --START--
INFO: Run Behavior\ShowPageTraceBehavior [ RunTime:0.004899s ]
INFO: [ app_end ] --END-- [ RunTime:0.005313s ]

[ 2018-04-21T13:42:52+08:00 ] ::1 /AdaAda/index.php/Admin/Game/lst
INFO: [ app_init ] --START--
INFO: Run Behavior\BuildLiteBehavior [ RunTime:0.000060s ]
INFO: [ app_init ] --END-- [ RunTime:0.001920s ]
INFO: [ app_begin ] --START--
INFO: Run Behavior\ReadHtmlCacheBehavior [ RunTime:0.004336s ]
INFO: [ app_begin ] --END-- [ RunTime:0.004646s ]
SQL: SHOW COLUMNS FROM `ada_game` [ RunTime:0.0014s ]
SQL: SELECT COUNT(*) AS tp_count FROM `ada_game` LIMIT 1   [ RunTime:0.0007s ]
SQL: SELECT * FROM `ada_game` LIMIT 0,5   [ RunTime:0.0008s ]
INFO: [ view_parse ] --START--
INFO: [ template_filter ] --START--
INFO: Run Behavior\ContentReplaceBehavior [ RunTime:0.000262s ]
INFO: [ template_filter ] --END-- [ RunTime:0.000549s ]
INFO: Run Behavior\ParseTemplateBehavior [ RunTime:0.042107s ]
INFO: [ view_parse ] --END-- [ RunTime:0.042478s ]
INFO: [ view_filter ] --START--
INFO: Run Behavior\WriteHtmlCacheBehavior [ RunTime:0.004099s ]
INFO: [ view_filter ] --END-- [ RunTime:0.004399s ]
INFO: [ app_end ] --START--
INFO: Run Behavior\ShowPageTraceBehavior [ RunTime:0.004937s ]
INFO: [ app_end ] --END-- [ RunTime:0.005297s ]

[ 2018-04-21T13:42:55+08:00 ] ::1 /AdaAda/index.php/Admin/Game/edit/id/4
INFO: [ app_init ] --START--
INFO: Run Behavior\BuildLiteBehavior [ RunTime:0.000053s ]
INFO: [ app_init ] --END-- [ RunTime:0.001722s ]
INFO: [ app_begin ] --START--
INFO: Run Behavior\ReadHtmlCacheBehavior [ RunTime:0.004021s ]
INFO: [ app_begin ] --END-- [ RunTime:0.004308s ]
SQL: SHOW COLUMNS FROM `ada_game` [ RunTime:0.0012s ]
SQL: SELECT * FROM `ada_game` WHERE `game_id` = 4 LIMIT 1   [ RunTime:0.0006s ]
SQL: SHOW COLUMNS FROM `ada_class` [ RunTime:0.0013s ]
SQL: SELECT * FROM `ada_class`  [ RunTime:0.0005s ]
INFO: [ view_parse ] --START--
INFO: [ template_filter ] --START--
INFO: Run Behavior\ContentReplaceBehavior [ RunTime:0.000285s ]
INFO: [ template_filter ] --END-- [ RunTime:0.000547s ]
INFO: Run Behavior\ParseTemplateBehavior [ RunTime:0.035102s ]
INFO: [ view_parse ] --END-- [ RunTime:0.035404s ]
INFO: [ view_filter ] --START--
INFO: Run Behavior\WriteHtmlCacheBehavior [ RunTime:0.003670s ]
INFO: [ view_filter ] --END-- [ RunTime:0.003940s ]
INFO: [ app_end ] --START--
INFO: Run Behavior\ShowPageTraceBehavior [ RunTime:0.004019s ]
INFO: [ app_end ] --END-- [ RunTime:0.004271s ]

[ 2018-04-21T13:43:11+08:00 ] ::1 /AdaAda/index.php/Admin/Game/lst
INFO: [ app_init ] --START--
INFO: Run Behavior\BuildLiteBehavior [ RunTime:0.000058s ]
INFO: [ app_init ] --END-- [ RunTime:0.001050s ]
INFO: [ app_begin ] --START--
INFO: Run Behavior\ReadHtmlCacheBehavior [ RunTime:0.001100s ]
INFO: [ app_begin ] --END-- [ RunTime:0.001403s ]
SQL: SHOW COLUMNS FROM `ada_game` [ RunTime:0.0018s ]
SQL: SELECT COUNT(*) AS tp_count FROM `ada_game` LIMIT 1   [ RunTime:0.0004s ]
SQL: SELECT * FROM `ada_game` LIMIT 0,5   [ RunTime:0.0007s ]
INFO: [ view_parse ] --START--
INFO: [ template_filter ] --START--
INFO: Run Behavior\ContentReplaceBehavior [ RunTime:0.000324s ]
INFO: [ template_filter ] --END-- [ RunTime:0.000630s ]
INFO: Run Behavior\ParseTemplateBehavior [ RunTime:0.026063s ]
INFO: [ view_parse ] --END-- [ RunTime:0.026363s ]
INFO: [ view_filter ] --START--
INFO: Run Behavior\WriteHtmlCacheBehavior [ RunTime:0.001113s ]
INFO: [ view_filter ] --END-- [ RunTime:0.001380s ]
INFO: [ app_end ] --START--
INFO: Run Behavior\ShowPageTraceBehavior [ RunTime:0.001736s ]
INFO: [ app_end ] --END-- [ RunTime:0.002045s ]

[ 2018-04-21T13:43:13+08:00 ] ::1 /AdaAda/index.php/Admin/Comment/lst
INFO: [ app_init ] --START--
INFO: Run Behavior\BuildLiteBehavior [ RunTime:0.000058s ]
INFO: [ app_init ] --END-- [ RunTime:0.001055s ]
INFO: [ app_begin ] --START--
INFO: Run Behavior\ReadHtmlCacheBehavior [ RunTime:0.001204s ]
INFO: [ app_begin ] --END-- [ RunTime:0.001509s ]
SQL: SHOW COLUMNS FROM `ada_comment` [ RunTime:0.0016s ]
SQL: SELECT COUNT(*) AS tp_count FROM `ada_comment` LIMIT 1   [ RunTime:0.0005s ]
SQL: SELECT * FROM `ada_comment` LIMIT 0,5   [ RunTime:0.0007s ]
INFO: [ view_parse ] --START--
INFO: [ template_filter ] --START--
INFO: Run Behavior\ContentReplaceBehavior [ RunTime:0.000297s ]
INFO: [ template_filter ] --END-- [ RunTime:0.000583s ]
INFO: Run Behavior\ParseTemplateBehavior [ RunTime:0.022762s ]
INFO: [ view_parse ] --END-- [ RunTime:0.023056s ]
INFO: [ view_filter ] --START--
INFO: Run Behavior\WriteHtmlCacheBehavior [ RunTime:0.001112s ]
INFO: [ view_filter ] --END-- [ RunTime:0.001381s ]
INFO: [ app_end ] --START--
INFO: Run Behavior\ShowPageTraceBehavior [ RunTime:0.002248s ]
INFO: [ app_end ] --END-- [ RunTime:0.002546s ]

[ 2018-04-21T13:43:16+08:00 ] ::1 /AdaAda/index.php/Admin/Class/lst
INFO: [ app_init ] --START--
INFO: Run Behavior\BuildLiteBehavior [ RunTime:0.000057s ]
INFO: [ app_init ] --END-- [ RunTime:0.001054s ]
INFO: [ app_begin ] --START--
INFO: Run Behavior\ReadHtmlCacheBehavior [ RunTime:0.001097s ]
INFO: [ app_begin ] --END-- [ RunTime:0.001393s ]
SQL: SHOW COLUMNS FROM `ada_class` [ RunTime:0.0016s ]
SQL: SELECT COUNT(*) AS tp_count FROM `ada_class` LIMIT 1   [ RunTime:0.0005s ]
SQL: SELECT * FROM `ada_class` LIMIT 0,15   [ RunTime:0.0006s ]
INFO: [ view_parse ] --START--
INFO: [ template_filter ] --START--
INFO: Run Behavior\ContentReplaceBehavior [ RunTime:0.000244s ]
INFO: [ template_filter ] --END-- [ RunTime:0.000547s ]
INFO: Run Behavior\ParseTemplateBehavior [ RunTime:0.024290s ]
INFO: [ view_parse ] --END-- [ RunTime:0.024601s ]
INFO: [ view_filter ] --START--
INFO: Run Behavior\WriteHtmlCacheBehavior [ RunTime:0.001274s ]
INFO: [ view_filter ] --END-- [ RunTime:0.001568s ]
INFO: [ app_end ] --START--
INFO: Run Behavior\ShowPageTraceBehavior [ RunTime:0.002250s ]
INFO: [ app_end ] --END-- [ RunTime:0.002606s ]

[ 2018-04-21T13:43:24+08:00 ] ::1 /AdaAda/index.php/Admin/Login/logout
INFO: [ app_init ] --START--
INFO: Run Behavior\BuildLiteBehavior [ RunTime:0.000057s ]
INFO: [ app_init ] --END-- [ RunTime:0.001024s ]
INFO: [ app_begin ] --START--
INFO: Run Behavior\ReadHtmlCacheBehavior [ RunTime:0.001070s ]
INFO: [ app_begin ] --END-- [ RunTime:0.001366s ]
INFO: [ view_parse ] --START--
INFO: [ template_filter ] --START--
INFO: Run Behavior\ContentReplaceBehavior [ RunTime:0.000153s ]
INFO: [ template_filter ] --END-- [ RunTime:0.000436s ]
INFO: Run Behavior\ParseTemplateBehavior [ RunTime:0.013439s ]
INFO: [ view_parse ] --END-- [ RunTime:0.013744s ]
INFO: [ view_filter ] --START--
INFO: Run Behavior\WriteHtmlCacheBehavior [ RunTime:0.001216s ]
INFO: [ view_filter ] --END-- [ RunTime:0.001486s ]
INFO: [ app_end ] --START--
INFO: Run Behavior\ShowPageTraceBehavior [ RunTime:0.001733s ]
INFO: [ app_end ] --END-- [ RunTime:0.002012s ]

